git-lfs/2.13.2 (GitHub; windows amd64; go 1.14.13; git fc664697)
git version 2.30.1.windows.1

$ git.exe filter-process
Unable to move lfs\tmp\540878713 to lfs\objects\4b\61\4b616251febf9d4948ec2d6ff43afdbbfe8533185fa2e3a2e710daeeb1d550c0


rename lfs\tmp\540878713 lfs\objects\4b\61\4b616251febf9d4948ec2d6ff43afdbbfe8533185fa2e3a2e710daeeb1d550c0: The process cannot access the file because it is being used by another process.

Current time in UTC: 
2021-11-18 12:45:11

ENV:
LocalWorkingDir=
LocalGitDir=
LocalGitStorageDir=
LocalMediaDir=lfs\objects
LocalReferenceDirs=
TempDir=lfs\tmp
ConcurrentTransfers=8
TusTransfers=false
BasicTransfersOnly=false
SkipDownloadErrors=false
FetchRecentAlways=false
FetchRecentRefsDays=7
FetchRecentCommitsDays=0
FetchRecentRefsIncludeRemotes=true
PruneOffsetDays=3
PruneVerifyRemoteAlways=false
PruneRemoteName=origin
LfsStorageDir=lfs
AccessDownload=none
AccessUpload=none
DownloadTransfers=basic,lfs-standalone-file
UploadTransfers=basic,lfs-standalone-file
GIT_ASKPASS=E:/app/vs2019/common7/ide/commonextensions/microsoft/teamfoundation/team explorer/Git/mingw32/libexec/git-core/git-askpass.exe
GIT_CEILING_DIRECTORIES=E:/NAM3
GIT_CONFIG_PARAMETERS='gc.auto'='0' 'credential.helper'='manager' 'core.askpass'='askpass'
GIT_EXEC_PATH=e:/app/vs2019/common7/ide/commonextensions/microsoft/teamfoundation/team explorer/Git/mingw32/libexec/git-core
GIT_FLUSH=1
GIT_HTTP_USER_AGENT=git/2.33.0 (Microsoft Windows NT 10.0.22000.0; Win32NT x64) CLR/4.0.30319 VS17/17.0.0
GIT_MERGE_VERBOSITY=4
GIT_OPTIONAL_LOCKS=0
GIT_PAGER=cat
GIT_PREFIX=
GIT_TERMINAL_PROMPT=0

Client IP addresses:
2402:800:6345:aa00:897e:b1bf:5ba8:6c9e 2402:800:6345:aa00:9177:6802:698e:fbfb fe80::897e:b1bf:5ba8:6c9e 192.168.1.6
